\BOOKMARK [0][-]{chapter*.2}{\376\377\000M\000o\000t\000i\000v\000a\002\033\000i\000e}{}% 1
\BOOKMARK [0][-]{chapter*.3}{\376\377\000I\000n\000t\000r\000o\000d\000u\000c\000e\000r\000e}{}% 2
\BOOKMARK [0][-]{chapter.1}{\376\377\000S\000p\000e\000c\000i\000f\000i\000c\000a\002\033\000i\000i\000\040\000F\000u\000n\000c\002\033\000i\000o\000n\000a\000l\000e}{}% 3
\BOOKMARK [1][-]{section.1.1}{\376\377\000D\000e\000s\000c\000r\000i\000e\000r\000e\000a\000\040\000p\000r\000o\000b\000l\000e\000m\000e\000i}{chapter.1}% 4
\BOOKMARK [1][-]{section.1.2}{\376\377\000C\000e\000r\000i\000n\002\033\000e\000\040\000f\000u\000n\000c\002\033\000i\000o\000n\000a\000l\000e}{chapter.1}% 5
\BOOKMARK [2][-]{subsection.1.2.1}{\376\377\000C\000e\000r\000i\000n\002\033\000e\000\040\000f\000u\000n\000c\002\033\000i\000o\000n\000a\000l\000e\000\040\000p\000e\000n\000t\000r\000u\000\040\040\036\000O\000w\000n\000e\000r\000s\040\035}{section.1.2}% 6
\BOOKMARK [2][-]{subsection.1.2.2}{\376\377\000C\000e\000r\000i\000n\002\033\000e\000\040\000f\000u\000n\000c\002\033\000i\000o\000n\000a\000l\000e\000\040\000p\000e\000n\000t\000r\000u\000\040\040\036\000W\000a\000l\000k\000e\000r\000s\040\035}{section.1.2}% 7
\BOOKMARK [1][-]{section.1.3}{\376\377\000C\000e\000r\000i\000n\002\033\000e\000\040\000n\000o\000n\000-\000f\000u\000n\000c\002\033\000i\000o\000n\000a\000l\000e}{chapter.1}% 8
\BOOKMARK [2][-]{subsection.1.3.1}{\376\377\000P\000e\000r\000f\000o\000r\000m\000a\000n\002\033\001\003}{section.1.3}% 9
\BOOKMARK [2][-]{subsection.1.3.2}{\376\377\000S\000c\000a\000l\000a\000b\000i\000l\000i\000t\000a\000t\000e}{section.1.3}% 10
\BOOKMARK [0][-]{chapter.2}{\376\377\000A\000r\000h\000i\000t\000e\000c\000t\000u\000r\000a\000\040\000a\000p\000l\000i\000c\000a\002\033\000i\000e\000i}{}% 11
\BOOKMARK [1][-]{section.2.1}{\376\377\000A\000r\000h\000i\000t\000e\000c\000t\000u\000r\000a\000\040\000s\000e\000r\000v\000e\000r\000u\000l\000u\000i}{chapter.2}% 12
\BOOKMARK [2][-]{subsection.2.1.1}{\376\377\000S\000t\000r\000a\000t\000u\000l\000\040\000d\000e\000\040\000b\000a\000z\001\003}{section.2.1}% 13
\BOOKMARK [2][-]{subsection.2.1.2}{\376\377\000S\000t\000r\000a\000t\000u\000l\000\040\000d\000e\000\040\000a\000p\000l\000i\000c\000a\002\033\000i\000e}{section.2.1}% 14
\BOOKMARK [2][-]{subsection.2.1.3}{\376\377\000S\000t\000r\000a\000t\000u\000l\000\040\000d\000e\000\040\000i\000n\000f\000r\000a\000s\000t\000r\000u\000c\000t\000u\000r\001\003}{section.2.1}% 15
\BOOKMARK [2][-]{subsection.2.1.4}{\376\377\000S\000t\000r\000a\000t\000u\000l\000\040\000d\000e\000\040\000i\000n\000t\000e\000r\000f\000a\002\033\001\003}{section.2.1}% 16
\BOOKMARK [1][-]{section.2.2}{\376\377\000A\000r\000h\000i\000t\000e\000c\000t\000u\000r\000a\000\040\000a\000p\000l\000i\000c\000a\002\033\000i\000e\000i\000\040\000m\000o\000b\000i\000l\000e}{chapter.2}% 17
\BOOKMARK [2][-]{subsection.2.2.1}{\376\377\000M\000o\000d\000e\000l\000-\000V\000i\000e\000w\000-\000P\000r\000e\000s\000e\000n\000t\000e\000r\000\040\000\050\000M\000V\000P\000\051}{section.2.2}% 18
\BOOKMARK [2][-]{subsection.2.2.2}{\376\377\000C\000o\000m\000p\000o\000n\000e\000n\000t\000e\000l\000e\000\040\000a\000r\000h\000i\000t\000e\000c\000t\000u\000r\000i\000i\000\040\000M\000V\000P}{section.2.2}% 19
\BOOKMARK [1][-]{section.2.3}{\376\377\000A\000r\000h\000i\000t\000e\000c\000t\000u\000r\000a\000\040\000b\000a\000z\000e\000i\000\040\000d\000e\000\040\000d\000a\000t\000e}{chapter.2}% 20
\BOOKMARK [2][-]{subsection.2.3.1}{\376\377\000A\000v\000a\000n\000t\000a\000j\000e\000l\000e\000\040\000a\000d\000u\000s\000e\000\040\000d\000e\000\040\000S\000q\000l\000\040\000S\000e\000r\000v\000e\000r}{section.2.3}% 21
\BOOKMARK [2][-]{subsection.2.3.2}{\376\377\000D\000i\000a\000g\000r\000a\000m\000a\000\040\000b\000a\000z\000e\000i\000\040\000d\000e\000\040\000d\000a\000t\000e}{section.2.3}% 22
\BOOKMARK [0][-]{chapter.3}{\376\377\000I\000m\000p\000l\000e\000m\000e\000n\000t\000a\000r\000e}{}% 23
\BOOKMARK [1][-]{section.3.1}{\376\377\000S\000e\000r\000i\000c\000i\000i\000\040\000e\000x\000t\000e\000r\000n\000e}{chapter.3}% 24
\BOOKMARK [2][-]{subsection.3.1.1}{\376\377\000G\000o\000o\000g\000l\000e\000\040\000M\000a\000p\000s\000\040\000P\000l\000a\000t\000f\000o\000r\000m}{section.3.1}% 25
\BOOKMARK [2][-]{subsection.3.1.2}{\376\377\000G\000e\000o\000l\000o\000c\000a\000t\000o\000r}{section.3.1}% 26
\BOOKMARK [1][-]{section.3.2}{\376\377\000G\000e\000n\000e\000r\000e\000r\000e\000a\000\040\000u\000n\000e\000i\000\040\000a\000g\000e\000n\000d\000e}{chapter.3}% 27
\BOOKMARK [0][-]{chapter.4}{\376\377\000P\000r\000e\000z\000e\000n\000t\000a\000r\000e\000a\000\040\000a\000p\000l\000i\000c\000a\002\033\000i\000e\000i}{}% 28
\BOOKMARK [1][-]{section.4.1}{\376\377\000M\000e\000n\000i\000u\000r\000i\000l\000e\000\040\000O\000w\000n\000e\000r\000-\000u\000l\000u\000i}{chapter.4}% 29
\BOOKMARK [2][-]{subsection.4.1.1}{\376\377\000M\000a\000n\000a\000g\000e\000\040\000Y\000o\000u\000r\000\040\000P\000e\000t\000s}{section.4.1}% 30
\BOOKMARK [2][-]{subsection.4.1.2}{\376\377\000A\000p\000p\000o\000i\000n\000t\000m\000e\000n\000t\000s}{section.4.1}% 31
\BOOKMARK [2][-]{subsection.4.1.3}{\376\377\000H\000i\000s\000t\000o\000r\000y\000\040\000\046\000\040\000R\000e\000p\000o\000r\000t\000s}{section.4.1}% 32
\BOOKMARK [1][-]{section.4.2}{\376\377\000M\000e\000n\000i\000u\000r\000i\000l\000e\000\040\000W\000a\000l\000k\000e\000r\000-\000u\000l\000u\000i}{chapter.4}% 33
\BOOKMARK [2][-]{subsection.4.2.1}{\376\377\000S\000e\000a\000r\000c\000h\000\040\000A\000p\000p\000o\000i\000n\000t\000m\000e\000n\000t}{section.4.2}% 34
\BOOKMARK [2][-]{subsection.4.2.2}{\376\377\000Y\000o\000u\000r\000\040\000P\000r\000e\000f\000e\000r\000e\000n\000c\000e\000s}{section.4.2}% 35
\BOOKMARK [2][-]{subsection.4.2.3}{\376\377\000Y\000o\000u\000r\000\040\000A\000g\000e\000n\000d\000a}{section.4.2}% 36
\BOOKMARK [0][-]{chapter*.15}{\376\377\000C\000o\000n\000c\000l\000u\000z\000i\000i}{}% 37
\BOOKMARK [0][-]{chapter*.16}{\376\377\000B\000i\000b\000l\000i\000o\000g\000r\000a\000f\000i\000e}{}% 38
